[35m[1mScanning dependencies of target std_msgs_generate_messages_py[0m
[35m[1mScanning dependencies of target std_msgs_generate_messages_eus[0m
[35m[1mScanning dependencies of target std_msgs_generate_messages_cpp[0m
[35m[1mScanning dependencies of target std_msgs_generate_messages_nodejs[0m
[  0%] Built target std_msgs_generate_messages_eus
[  0%] Built target std_msgs_generate_messages_py
[  0%] Built target std_msgs_generate_messages_cpp
[  0%] Built target std_msgs_generate_messages_nodejs
[35m[1mScanning dependencies of target std_msgs_generate_messages_lisp[0m
[35m[1mScanning dependencies of target beginner_tutorials_generate_messages_py[0m
[35m[1mScanning dependencies of target beginner_tutorials_generate_messages_cpp[0m
[35m[1mScanning dependencies of target beginner_tutorials_generate_messages_eus[0m
[  0%] Built target std_msgs_generate_messages_lisp
[  0%] Built target beginner_tutorials_generate_messages_py
[  0%] Built target beginner_tutorials_generate_messages_cpp
[ 11%] [34m[1mGenerating EusLisp manifest code for beginner_tutorials[0m
[35m[1mScanning dependencies of target beginner_tutorials_generate_messages_nodejs[0m
[35m[1mScanning dependencies of target beginner_tutorials_generate_messages_lisp[0m
[ 11%] Built target beginner_tutorials_generate_messages_nodejs
[ 11%] Built target beginner_tutorials_generate_messages_lisp
[35m[1mScanning dependencies of target frequency[0m
[35m[1mScanning dependencies of target freq_val[0m
[35m[1mScanning dependencies of target listener[0m
[ 22%] [32mBuilding CXX object CMakeFiles/freq_val.dir/src/freq_val.cpp.o[0m
[ 33%] [32mBuilding CXX object CMakeFiles/frequency.dir/src/frequency.cpp.o[0m
[ 44%] [32mBuilding CXX object CMakeFiles/listener.dir/src/listener.cpp.o[0m
[ 44%] Built target beginner_tutorials_generate_messages_eus
[35m[1mScanning dependencies of target talker[0m
[ 55%] [32mBuilding CXX object CMakeFiles/talker.dir/src/talker.cpp.o[0m
[ 66%] [32m[1mLinking CXX executable /home/kaila/coimbra-surf22/catkin_ws/devel/.private/beginner_tutorials/lib/beginner_tutorials/freq_val[0m
[ 66%] Built target freq_val
[35m[1mScanning dependencies of target beginner_tutorials_generate_messages[0m
[ 66%] Built target beginner_tutorials_generate_messages
[ 77%] [32m[1mLinking CXX executable /home/kaila/coimbra-surf22/catkin_ws/devel/.private/beginner_tutorials/lib/beginner_tutorials/listener[0m
[ 88%] [32m[1mLinking CXX executable /home/kaila/coimbra-surf22/catkin_ws/devel/.private/beginner_tutorials/lib/beginner_tutorials/frequency[0m
[ 88%] Built target listener
[ 88%] Built target frequency
[100%] [32m[1mLinking CXX executable /home/kaila/coimbra-surf22/catkin_ws/devel/.private/beginner_tutorials/lib/beginner_tutorials/talker[0m
[100%] Built target talker
